SaltySD: got SD card.
SaltySD: new max 86, 2 000000466700f888
SaltySD: TID 420000000000000e is a homebrew application, aborting bootstrap...
SaltySD: new max 87, 0 000000466700f888
SaltySD: TID 0100000000000035 is a system application, aborting bootstrap...
SaltySD: new max 88, 0 000000466700f888
SaltySD: TID 0100000000001000 is a system application, aborting bootstrap...
SaltySD: new max 89, 0 000000466700f888
SaltySD: TID 010000000000100c is a system application, aborting bootstrap...
SaltySD: cmd 7 handler
SaltySD: got SD card.
SaltySD: new max 86, 2 0000007258e0f888
SaltySD: TID 420000000000000e is a homebrew application, aborting bootstrap...
SaltySD: new max 87, 0 0000007258e0f888
SaltySD: TID 0100000000000035 is a system application, aborting bootstrap...
SaltySD: new max 88, 0 0000007258e0f888
SaltySD: TID 0100000000001000 is a system application, aborting bootstrap...
SaltySD: new max 89, 0 0000007258e0f888
SaltySD: TID 010000000000100c is a system application, aborting bootstrap...
SaltySD: cmd 7 handler
SaltySD: cmd 7 handler
SaltySD: cmd 7 handler
SaltySD: cmd 7 handler
SaltySD: got SD card.
SaltySD: new max 86, 2 0000007453e0f888
SaltySD: TID 420000000000000e is a homebrew application, aborting bootstrap...
SaltySD: new max 87, 0 0000007453e0f888
SaltySD: TID 0100000000000035 is a system application, aborting bootstrap...
SaltySD: new max 88, 0 0000007453e0f888
SaltySD: TID 0100000000001000 is a system application, aborting bootstrap...
SaltySD: new max 89, 0 0000007453e0f888
SaltySD: TID 010000000000100c is a system application, aborting bootstrap...
